 
****************************************
Report : area
Design : SYS_TOP
Version: K-2015.06
Date   : Fri Aug 16 03:20:07 2024
****************************************

Library(s) Used:

    scmetro_tsmc_cl013g_rvt_ss_1p08v_125c (File: /home/IC/Labs/system/std_cells/scmetro_tsmc_cl013g_rvt_ss_1p08v_125c.db)

Number of ports:                          833
Number of nets:                          2743
Number of cells:                         1895
Number of combinational cells:           1477
Number of sequential cells:               377
Number of macros/black boxes:               0
Number of buf/inv:                        291
Number of references:                      26

Combinational area:              13799.161146
Buf/Inv area:                     1141.399023
Noncombinational area:           11743.466370
Macro/Black Box area:                0.000000
Net Interconnect area:      undefined  (No wire load specified)

Total cell area:                 25542.627516
Total area:                 undefined

Hierarchical area distribution
------------------------------

                                  Global cell area            Local cell area
                                  -------------------  ------------------------------ 
Hierarchical cell                 Absolute    Percent  Combi-      Noncombi-   Black-
                                  Total       Total    national    national    boxes   Design
--------------------------------  ----------  -------  ----------  ----------  ------  ----------------------------------------------------------
SYS_TOP                           25542.6275    100.0     95.3127      0.0000  0.0000  SYS_TOP
U0_ALU                             5671.6941     22.2   1023.7290    560.1092  0.0000  ALU_test_1
U0_ALU/add_43                       231.8099      0.9    231.8099      0.0000  0.0000  ALU_DW01_add_0
U0_ALU/div_52                      1434.3973      5.6   1434.3973      0.0000  0.0000  ALU_DW_div_uns_0
U0_ALU/mult_49                     2155.7144      8.4   1914.4909      0.0000  0.0000  ALU_DW02_mult_0
U0_ALU/mult_49/FS_1                 241.2235      0.9    241.2235      0.0000  0.0000  ALU_DW01_add_1
U0_ALU/sub_46                       265.9342      1.0    265.9342      0.0000  0.0000  ALU_DW01_sub_0
U0_CLKDIV_MUX                        88.2525      0.3     88.2525      0.0000  0.0000  CLKDIV_MUX
U0_CLK_GATE                          40.0078      0.2      0.0000     40.0078  0.0000  CLK_GATE
U0_ClkDiv                           829.5735      3.2    442.4392    295.3517  0.0000  clk_div_test_0
U0_ClkDiv/add_46                     91.7826      0.4     91.7826      0.0000  0.0000  clk_div_0_DW01_inc_0
U0_PULSE_GEN                         71.7787      0.3      5.8835     65.8952  0.0000  PULSE_GEN_test_1
U0_RST_SYNC                          65.8952      0.3      0.0000     65.8952  0.0000  RST_SYNC_NUM_STAGES2_test_0
U0_RegFile                         7082.5576     27.7   2572.2663   4510.2913  0.0000  RegFile_test_1
U0_SYS_CTRL                        1570.8945      6.2    896.6454    674.2491  0.0000  SYS_CTRL_test_1
U0_UART                            3513.6262     13.8      7.0602      0.0000  0.0000  UART_test_1
U0_UART/U0_UART_RX                 2591.0934     10.1      7.0602      0.0000  0.0000  UART_RX_test_1
U0_UART/U0_UART_RX/U0_data_sampler
                                    742.4977      2.9    477.7402    264.7575  0.0000  DATA_SAMPLER_test_1
U0_UART/U0_UART_RX/U0_deserializer
                                    901.3522      3.5    334.1828    567.1694  0.0000  DESERIALIZER_test_1
U0_UART/U0_UART_RX/U0_edge_bit_counter
                                    527.1616      2.1    260.0507    267.1109  0.0000  EDGE_BIT_COUNTER_test_1
U0_UART/U0_UART_RX/U0_parity_checker
                                     72.9554      0.3     40.0078     32.9476  0.0000  PARITY_CHECKER_test_1
U0_UART/U0_UART_RX/U0_rx_fsm        289.4682      1.1    130.6137    158.8545  0.0000  UART_RX_FSM_test_1
U0_UART/U0_UART_RX/U0_start_checker
                                      7.0602      0.0      7.0602      0.0000  0.0000  START_CHECKER
U0_UART/U0_UART_RX/U0_stop_checker
                                     43.5379      0.2     10.5903     32.9476  0.0000  STOP_CHECKER_test_1
U0_UART/U0_UART_TX                  915.4726      3.6    364.7770    550.6956  0.0000  UART_TX_DATA_WIDTH8_test_1
U0_UART_FIFO                       5051.5733     19.8      7.0602      0.0000  0.0000  FIFO_TOP_ADDR_WIDTH3_BUFFER_DEPTH8_BUFFER_WIDTH8_test_1
U0_UART_FIFO/U0_buffer             3934.8849     15.4   1826.2385   2108.6465  0.0000  FIFO_BUFFER_ADDR_WIDTH3_BUFFER_DEPTH8_BUFFER_WIDTH8_test_1
U0_UART_FIFO/U0_read                285.9381      1.1    154.1477    131.7904  0.0000  FIFO_RD_ADDR_WIDTH3_test_1
U0_UART_FIFO/U0_w2r                 263.5808      1.0      0.0000    263.5808  0.0000  FIFO_DFF_ptr_width4_test_0
U0_UART_FIFO/U0_write               296.5284      1.2    163.5613    132.9671  0.0000  FIFO_WR_ADDR_WIDTH3_test_1
U0_UART_FIFO/U1_r2w                 263.5808      1.0      0.0000    263.5808  0.0000  FIFO_DFF_ptr_width4_test_1
U0_mux2X1                            15.2971      0.1     15.2971      0.0000  0.0000  mux2X1_1
U0_ref_sync                         480.0936      1.9     84.7224    395.3712  0.0000  DATA_SYNC_NUM_STAGES2_BUS_WIDTH8_test_1
U1_ClkDiv                           829.5735      3.2    442.4392    295.3517  0.0000  clk_div_test_1
U1_ClkDiv/add_46                     91.7826      0.4     91.7826      0.0000  0.0000  clk_div_1_DW01_inc_0
U1_RST_SYNC                          65.8952      0.3      0.0000     65.8952  0.0000  RST_SYNC_NUM_STAGES2_test_1
U1_mux2X1                            11.7670      0.0     11.7670      0.0000  0.0000  mux2X1_4
U2_mux2X1                            11.7670      0.0     11.7670      0.0000  0.0000  mux2X1_3
U3_mux2X1                            11.7670      0.0     11.7670      0.0000  0.0000  mux2X1_2
U4_mux2X1                            11.7670      0.0     11.7670      0.0000  0.0000  mux2X1_0
U5_mux2X1                            11.7670      0.0     11.7670      0.0000  0.0000  mux2X1_6
U6_mux2X1                            11.7670      0.0     11.7670      0.0000  0.0000  mux2X1_5
--------------------------------  ----------  -------  ----------  ----------  ------  ----------------------------------------------------------
Total                                                  13799.1611  11743.4664  0.0000

1
