 
****************************************
Report : clocks
Design : SYS_TOP
Version: K-2015.06
Date   : Fri Aug 16 03:20:07 2024
****************************************

Attributes:
    d - dont_touch_network
    f - fix_hold
    p - propagated_clock
    G - generated_clock
    g - lib_generated_clock

Clock          Period   Waveform            Attrs     Sources
--------------------------------------------------------------------------------
ALU_CLK         20.00   {0 10}              G d       {U0_CLK_GATE/GATED_CLK}
DFTCLK        15000.00  {0 7500}            d         {scan_clk}
MASTER_CLK      20.00   {0 10}              d         {REF_CLK}
UART_RX_CLK    271.27   {0 135.634}         G d       {U1_ClkDiv/o_div_clk}
UART_TX_CLK   8680.56   {0 4340.28}         G d       {U0_ClkDiv/o_div_clk}
U_CLK          271.27   {0 135.634}         d         {UART_CLK}
--------------------------------------------------------------------------------

Generated     Master         Generated      Master         Waveform
Clock         Source         Source         Clock          Modification
--------------------------------------------------------------------------------
ALU_CLK       REF_CLK        {U0_CLK_GATE/GATED_CLK}
                                            MASTER_CLK     divide_by(1)
UART_RX_CLK   UART_CLK       {U1_ClkDiv/o_div_clk}
                                            U_CLK          divide_by(1)
UART_TX_CLK   UART_CLK       {U0_ClkDiv/o_div_clk}
                                            U_CLK          divide_by(32)
--------------------------------------------------------------------------------
1
