Information: Propagating switching activity (low effort zero delay simulation). (PWR-6)
Warning: Design has unannotated primary inputs. (PWR-414)
Warning: Design has unannotated sequential cell outputs. (PWR-415)
 
****************************************
Report : power
        -hier
        -analysis_effort low
Design : SYS_TOP
Version: K-2015.06
Date   : Fri Aug 16 03:20:07 2024
****************************************


Library(s) Used:

    scmetro_tsmc_cl013g_rvt_ss_1p08v_125c (File: /home/IC/Labs/system/std_cells/scmetro_tsmc_cl013g_rvt_ss_1p08v_125c.db)


Operating Conditions: scmetro_tsmc_cl013g_rvt_ss_1p08v_125c   Library: scmetro_tsmc_cl013g_rvt_ss_1p08v_125c
Wire Load Model Mode: top


Global Operating Voltage = 1.08 
Power-specific unit information :
    Voltage Units = 1V
    Capacitance Units = 1.000000pf
    Time Units = 1ns
    Dynamic Power Units = 1mW    (derived from V,C,T units)
    Leakage Power Units = 1pW


--------------------------------------------------------------------------------
                                       Switch   Int      Leak     Total
Hierarchy                              Power    Power    Power    Power    %
--------------------------------------------------------------------------------
SYS_TOP                                9.73e-03 4.08e-02 1.50e+07 6.55e-02 100.0
  U0_CLK_GATE (CLK_GATE)               1.84e-03 2.17e-03 3.61e+04 4.05e-03   6.2
  U0_ALU (ALU_test_1)                  1.10e-04 1.51e-02 4.27e+06 1.95e-02  29.8
    mult_49 (ALU_DW02_mult_0)             0.000    0.000 1.65e+06 1.65e-03   2.5
    add_43 (ALU_DW01_add_0)               0.000    0.000 2.05e+05 2.05e-04   0.3
    sub_46 (ALU_DW01_sub_0)               0.000    0.000 2.48e+05 2.48e-04   0.4
    div_52 (ALU_DW_div_uns_0)             0.000    0.000 1.24e+06 1.24e-03   1.9
  U0_RegFile (RegFile_test_1)          3.09e-03 9.48e-03 3.61e+06 1.62e-02  24.7
  U0_SYS_CTRL (SYS_CTRL_test_1)        8.82e-06 1.33e-03 8.07e+05 2.15e-03   3.3
  U0_UART (UART_test_1)                1.03e-03 3.96e-03 1.82e+06 6.80e-03  10.4
    U0_UART_RX (UART_RX_test_1)        6.61e-04 2.80e-03 1.32e+06 4.78e-03   7.3
      U0_edge_bit_counter (EDGE_BIT_COUNTER_test_1)
                                       4.90e-06 5.68e-04 3.22e+05 8.95e-04   1.4
      U0_deserializer (DESERIALIZER_test_1)
                                       1.31e-04 1.12e-03 4.25e+05 1.67e-03   2.6
      U0_data_sampler (DATA_SAMPLER_test_1)
                                       4.90e-05 5.53e-04 3.54e+05 9.56e-04   1.5
      U0_stop_checker (STOP_CHECKER_test_1)
                                       1.44e-06 6.31e-05 1.94e+04 8.40e-05   0.1
      U0_start_checker (START_CHECKER)    0.000    0.000 2.41e+03 2.41e-06   0.0
      U0_parity_checker (PARITY_CHECKER_test_1)
                                       1.99e-06 6.43e-05 4.67e+04 1.13e-04   0.2
      U0_rx_fsm (UART_RX_FSM_test_1)   1.12e-05 4.04e-04 1.42e+05 5.58e-04   0.9
    U0_UART_TX (UART_TX_DATA_WIDTH8_test_1)
                                       1.43e-04 1.12e-03 4.96e+05 1.76e-03   2.7
  U1_ClkDiv (clk_div_test_1)           1.64e-05 6.17e-04 5.54e+05 1.19e-03   1.8
    add_46 (clk_div_1_DW01_inc_0)         0.000    0.000 8.37e+04 8.37e-05   0.1
  U0_CLKDIV_MUX (CLKDIV_MUX)           5.71e-07 5.93e-07 5.56e+04 5.68e-05   0.1
  U0_ClkDiv (clk_div_test_0)           2.97e-06 5.79e-04 5.37e+05 1.12e-03   1.7
    add_46 (clk_div_0_DW01_inc_0)      1.01e-07 3.30e-07 8.37e+04 8.42e-05   0.1
  U0_PULSE_GEN (PULSE_GEN_test_1)         0.000 1.22e-04 3.14e+04 1.54e-04   0.2
  U0_UART_FIFO (FIFO_TOP_ADDR_WIDTH3_BUFFER_DEPTH8_BUFFER_WIDTH8_test_1)
                                       1.45e-03 6.00e-03 2.87e+06 1.03e-02  15.8
    U1_r2w (FIFO_DFF_ptr_width4_test_1)
                                          0.000 5.04e-04 1.06e+05 6.11e-04   0.9
    U0_w2r (FIFO_DFF_ptr_width4_test_0)
                                       2.90e-08 5.09e-04 1.03e+05 6.12e-04   0.9
    U0_write (FIFO_WR_ADDR_WIDTH3_test_1)
                                       6.69e-07 2.59e-04 2.01e+05 4.60e-04   0.7
    U0_read (FIFO_RD_ADDR_WIDTH3_test_1)
                                       1.57e-06 2.58e-04 2.03e+05 4.62e-04   0.7
    U0_buffer (FIFO_BUFFER_ADDR_WIDTH3_BUFFER_DEPTH8_BUFFER_WIDTH8_test_1)
                                       1.25e-03 4.44e-03 2.26e+06 7.94e-03  12.1
  U0_ref_sync (DATA_SYNC_NUM_STAGES2_BUS_WIDTH8_test_1)
                                       9.02e-09 7.39e-04 2.03e+05 9.42e-04   1.4
  U1_RST_SYNC (RST_SYNC_NUM_STAGES2_test_1)
                                       3.71e-06 1.21e-04 2.84e+04 1.53e-04   0.2
  U0_RST_SYNC (RST_SYNC_NUM_STAGES2_test_0)
                                       6.17e-08 1.20e-04 2.73e+04 1.47e-04   0.2
  U6_mux2X1 (mux2X1_5)                 9.90e-06 4.30e-05 1.33e+04 6.62e-05   0.1
  U5_mux2X1 (mux2X1_6)                 9.90e-06 4.30e-05 1.33e+04 6.62e-05   0.1
  U4_mux2X1 (mux2X1_0)                 5.90e-05 4.63e-05 1.15e+04 1.17e-04   0.2
  U3_mux2X1 (mux2X1_2)                 4.82e-06 1.36e-06 1.15e+04 1.76e-05   0.0
  U2_mux2X1 (mux2X1_3)                 6.40e-06 1.38e-06 1.15e+04 1.92e-05   0.0
  U1_mux2X1 (mux2X1_4)                 3.70e-06 1.35e-06 1.15e+04 1.65e-05   0.0
  U0_mux2X1 (mux2X1_1)                 3.91e-05 2.97e-06 1.88e+04 6.09e-05   0.1
1
