 
****************************************
Report : area
Design : SYS_TOP
Version: K-2015.06
Date   : Fri Aug 16 03:14:58 2024
****************************************

Library(s) Used:

    scmetro_tsmc_cl013g_rvt_ss_1p08v_125c (File: /home/IC/Labs/system/std_cells/scmetro_tsmc_cl013g_rvt_ss_1p08v_125c.db)

Number of ports:                          720
Number of nets:                          2563
Number of cells:                         1841
Number of combinational cells:           1432
Number of sequential cells:               375
Number of macros/black boxes:               0
Number of buf/inv:                        253
Number of references:                      15

Combinational area:              13522.636643
Buf/Inv area:                      953.127021
Noncombinational area:            9257.098803
Macro/Black Box area:                0.000000
Net Interconnect area:      undefined  (No wire load specified)

Total cell area:                 22779.735446
Total area:                 undefined

Hierarchical area distribution
------------------------------

                                  Global cell area            Local cell area
                                  -------------------  ----------------------------- 
Hierarchical cell                 Absolute    Percent  Combi-      Noncombi-  Black-
                                  Total       Total    national    national   boxes   Design
--------------------------------  ----------  -------  ----------  ---------  ------  ---------------------------------------------------
SYS_TOP                           22779.7354    100.0     18.8272     0.0000  0.0000  SYS_TOP
U0_ALU                             5516.3696     24.2   1023.7290   440.0858  0.0000  ALU
U0_ALU/add_43                       231.8099      1.0    231.8099     0.0000  0.0000  ALU_DW01_add_0
U0_ALU/div_52                      1434.3973      6.3   1434.3973     0.0000  0.0000  ALU_DW_div_uns_0
U0_ALU/mult_49                     2120.4134      9.3   1914.4909     0.0000  0.0000  ALU_DW02_mult_0
U0_ALU/mult_49/FS_1                 205.9225      0.9    205.9225     0.0000  0.0000  ALU_DW01_add_1
U0_ALU/sub_46                       265.9342      1.2    265.9342     0.0000  0.0000  ALU_DW01_sub_0
U0_CLKDIV_MUX                        74.1321      0.3     74.1321     0.0000  0.0000  CLKDIV_MUX
U0_CLK_GATE                          40.0078      0.2      0.0000    40.0078  0.0000  CLK_GATE
U0_ClkDiv                           767.2084      3.4    442.4392   232.9866  0.0000  clk_div_0
U0_ClkDiv/add_46                     91.7826      0.4     91.7826     0.0000  0.0000  clk_div_0_DW01_inc_0
U0_PULSE_GEN                         57.6583      0.3      5.8835    51.7748  0.0000  PULSE_GEN
U0_RST_SYNC                          51.7748      0.2      0.0000    51.7748  0.0000  RST_SYNC_NUM_STAGES2_0
U0_RegFile                         6090.5992     26.7   2544.0255  3546.5738  0.0000  RegFile
U0_SYS_CTRL                        1424.9837      6.3    893.1153   531.8684  0.0000  SYS_CTRL
U0_UART                            3111.1948     13.7      7.0602     0.0000  0.0000  UART
U0_UART/U0_UART_RX                 2312.2155     10.2      7.0602     0.0000  0.0000  UART_RX
U0_UART/U0_UART_RX/U0_data_sampler
                                    686.0161      3.0    477.7402   208.2759  0.0000  DATA_SAMPLER
U0_UART/U0_UART_RX/U0_deserializer
                                    774.2686      3.4    327.1226   447.1460  0.0000  DESERIALIZER
U0_UART/U0_UART_RX/U0_edge_bit_counter
                                    476.5635      2.1    257.6973   218.8662  0.0000  EDGE_BIT_COUNTER
U0_UART/U0_UART_RX/U0_parity_checker
                                     65.8952      0.3     40.0078    25.8874  0.0000  PARITY_CHECKER
U0_UART/U0_UART_RX/U0_rx_fsm        258.8740      1.1    131.7904   127.0836  0.0000  UART_RX_FSM
U0_UART/U0_UART_RX/U0_start_checker
                                      7.0602      0.0      7.0602     0.0000  0.0000  START_CHECKER
U0_UART/U0_UART_RX/U0_stop_checker
                                     36.4777      0.2     10.5903    25.8874  0.0000  STOP_CHECKER
U0_UART/U0_UART_TX                  791.9191      3.5    357.7168   434.2023  0.0000  UART_TX_DATA_WIDTH8
U0_UART_FIFO                       4412.6250     19.4      0.0000     0.0000  0.0000  FIFO_TOP_ADDR_WIDTH3_BUFFER_DEPTH8_BUFFER_WIDTH8
U0_UART_FIFO/U0_buffer             3468.9116     15.2   1812.1181  1656.7936  0.0000  FIFO_BUFFER_ADDR_WIDTH3_BUFFER_DEPTH8_BUFFER_WIDTH8
U0_UART_FIFO/U0_read                261.2274      1.1    157.6778   103.5496  0.0000  FIFO_RD_ADDR_WIDTH3
U0_UART_FIFO/U0_w2r                 207.0992      0.9      0.0000   207.0992  0.0000  FIFO_DFF_ptr_width4_0
U0_UART_FIFO/U0_write               268.2876      1.2    163.5613   104.7263  0.0000  FIFO_WR_ADDR_WIDTH3
U0_UART_FIFO/U1_r2w                 207.0992      0.9      0.0000   207.0992  0.0000  FIFO_DFF_ptr_width4_1
U0_ref_sync                         395.3712      1.7     84.7224   310.6488  0.0000  DATA_SYNC_NUM_STAGES2_BUS_WIDTH8
U1_ClkDiv                           767.2084      3.4    442.4392   232.9866  0.0000  clk_div_1
U1_ClkDiv/add_46                     91.7826      0.4     91.7826     0.0000  0.0000  clk_div_1_DW01_inc_0
U1_RST_SYNC                          51.7748      0.2      0.0000    51.7748  0.0000  RST_SYNC_NUM_STAGES2_1
--------------------------------  ----------  -------  ----------  ---------  ------  ---------------------------------------------------
Total                                                  13522.6366  9257.0988  0.0000

1
