Loading db file '/home/IC/Labs/system/std_cells/scmetro_tsmc_cl013g_rvt_ss_1p08v_125c.db'
Information: Propagating switching activity (low effort zero delay simulation). (PWR-6)
Warning: Design has unannotated primary inputs. (PWR-414)
Warning: Design has unannotated sequential cell outputs. (PWR-415)
 
****************************************
Report : power
        -hier
        -analysis_effort low
Design : SYS_TOP
Version: K-2015.06
Date   : Fri Aug 16 03:14:58 2024
****************************************


Library(s) Used:

    scmetro_tsmc_cl013g_rvt_ss_1p08v_125c (File: /home/IC/Labs/system/std_cells/scmetro_tsmc_cl013g_rvt_ss_1p08v_125c.db)


Operating Conditions: scmetro_tsmc_cl013g_rvt_ss_1p08v_125c   Library: scmetro_tsmc_cl013g_rvt_ss_1p08v_125c
Wire Load Model Mode: top


Global Operating Voltage = 1.08 
Power-specific unit information :
    Voltage Units = 1V
    Capacitance Units = 1.000000pf
    Time Units = 1ns
    Dynamic Power Units = 1mW    (derived from V,C,T units)
    Leakage Power Units = 1pW


--------------------------------------------------------------------------------
                                       Switch   Int      Leak     Total
Hierarchy                              Power    Power    Power    Power    %
--------------------------------------------------------------------------------
SYS_TOP                                6.18e-03    0.204 1.36e+07    0.224 100.0
  U0_CLK_GATE (CLK_GATE)               1.51e-03 4.67e-03 3.71e+04 6.23e-03   2.8
  U0_ALU (ALU)                            0.000 1.24e-02 4.17e+06 1.66e-02   7.4
    mult_49 (ALU_DW02_mult_0)             0.000    0.000 1.62e+06 1.62e-03   0.7
    add_43 (ALU_DW01_add_0)               0.000    0.000 2.05e+05 2.05e-04   0.1
    sub_46 (ALU_DW01_sub_0)               0.000    0.000 2.48e+05 2.48e-04   0.1
    div_52 (ALU_DW_div_uns_0)             0.000    0.000 1.24e+06 1.24e-03   0.6
  U0_RegFile (RegFile)                 1.92e-03    0.100 3.17e+06    0.105  47.2
  U0_SYS_CTRL (SYS_CTRL)                  0.000 1.54e-02 7.48e+05 1.62e-02   7.2
  U0_UART (UART)                       4.10e-04 2.67e-03 1.60e+06 4.67e-03   2.1
    U0_UART_RX (UART_RX)               3.10e-04 2.57e-03 1.17e+06 4.05e-03   1.8
      U0_edge_bit_counter (EDGE_BIT_COUNTER)
                                       1.48e-05 5.59e-04 2.91e+05 8.65e-04   0.4
      U0_deserializer (DESERIALIZER)   6.67e-08 9.90e-04 3.59e+05 1.35e-03   0.6
      U0_data_sampler (DATA_SAMPLER)   5.62e-05 4.85e-04 3.24e+05 8.65e-04   0.4
      U0_stop_checker (STOP_CHECKER)      0.000 5.66e-05 1.60e+04 7.25e-05   0.0
      U0_start_checker (START_CHECKER)    0.000    0.000 2.44e+03 2.44e-06   0.0
      U0_parity_checker (PARITY_CHECKER)
                                          0.000 5.66e-05 4.20e+04 9.86e-05   0.0
      U0_rx_fsm (UART_RX_FSM)          3.19e-05 4.09e-04 1.32e+05 5.72e-04   0.3
    U0_UART_TX (UART_TX_DATA_WIDTH8)   4.99e-06 7.77e-05 4.23e+05 5.05e-04   0.2
  U1_ClkDiv (clk_div_1)                3.02e-04 6.50e-04 5.19e+05 1.47e-03   0.7
    add_46 (clk_div_1_DW01_inc_0)         0.000    0.000 8.47e+04 8.47e-05   0.0
  U0_CLKDIV_MUX (CLKDIV_MUX)              0.000    0.000 4.98e+04 4.98e-05   0.0
  U0_ClkDiv (clk_div_0)                2.51e-05 6.39e-04 4.98e+05 1.16e-03   0.5
    add_46 (clk_div_0_DW01_inc_0)      1.89e-06 7.57e-06 8.45e+04 9.40e-05   0.0
  U0_PULSE_GEN (PULSE_GEN)                0.000 9.98e-06 2.32e+04 3.32e-05   0.0
  U0_UART_FIFO (FIFO_TOP_ADDR_WIDTH3_BUFFER_DEPTH8_BUFFER_WIDTH8)
                                       9.10e-04 5.57e-02 2.59e+06 5.92e-02  26.5
    U1_r2w (FIFO_DFF_ptr_width4_1)        0.000 5.83e-03 8.27e+04 5.91e-03   2.6
    U0_w2r (FIFO_DFF_ptr_width4_0)        0.000 3.99e-05 7.48e+04 1.15e-04   0.1
    U0_write (FIFO_WR_ADDR_WIDTH3)        0.000 2.99e-03 1.90e+05 3.18e-03   1.4
    U0_read (FIFO_RD_ADDR_WIDTH3)         0.000 2.00e-05 1.94e+05 2.14e-04   0.1
    U0_buffer (FIFO_BUFFER_ADDR_WIDTH3_BUFFER_DEPTH8_BUFFER_WIDTH8)
                                       9.10e-04 4.68e-02 2.05e+06 4.98e-02  22.3
  U0_ref_sync (DATA_SYNC_NUM_STAGES2_BUS_WIDTH8)
                                          0.000 8.75e-03 1.72e+05 8.92e-03   4.0
  U1_RST_SYNC (RST_SYNC_NUM_STAGES2_1) 1.30e-05 2.25e-03 2.53e+04 2.29e-03   1.0
  U0_RST_SYNC (RST_SYNC_NUM_STAGES2_0) 6.46e-06 2.37e-04 2.40e+04 2.67e-04   0.1
1
